# JRE version: Java(TM) SE Runtime Environment (8.0_25-b18) (build 1.8.0_25-b18)
# Java VM: Java HotSpot(TM) 64-Bit Server VM (25.25-b02 mixed mode windows-amd64 compressed oops)
Heap:
 PSYoungGen      total 37376K, used 576K [0x00000000e0000000, 0x00000000e2e80000, 0x0000000100000000)
  eden space 29184K, 1% used [0x00000000e0000000,0x00000000e00901c0,0x00000000e1c80000)
  from space 8192K, 0% used [0x00000000e2680000,0x00000000e2680000,0x00000000e2e80000)
  to   space 9216K, 0% used [0x00000000e1c80000,0x00000000e1c80000,0x00000000e2580000)
 ParOldGen       total 47104K, used 15347K [0x00000000a0000000, 0x00000000a2e00000, 0x00000000e0000000)
  object space 47104K, 32% used [0x00000000a0000000,0x00000000a0efcda8,0x00000000a2e00000)
 Metaspace       used 34843K, capacity 35336K, committed 35712K, reserved 1079296K
  class space    used 4766K, capacity 4903K, committed 4992K, reserved 1048576K
GC Heap History (10 events):
Event: 127.899 GC heap before
{Heap before GC invocations=10 (full 1):
 PSYoungGen      total 40960K, used 35252K [0x00000000e0000000, 0x00000000e3280000, 0x0000000100000000)
  eden space 31232K, 100% used [0x00000000e0000000,0x00000000e1e80000,0x00000000e1e80000)
  from space 9728K, 41% used [0x00000000e2900000,0x00000000e2ced030,0x00000000e3280000)
  to   space 10240K, 0% used [0x00000000e1e80000,0x00000000e1e80000,0x00000000e2880000)
 ParOldGen       total 47104K, used 8796K [0x00000000a0000000, 0x00000000a2e00000, 0x00000000e0000000)
  object space 47104K, 18% used [0x00000000a0000000,0x00000000a0897228,0x00000000a2e00000)
 Metaspace       used 28396K, capacity 28818K, committed 28928K, reserved 1075200K
  class space    used 3947K, capacity 4094K, committed 4096K, reserved 1048576K
Event: 127.905 GC heap after
Heap after GC invocations=10 (full 1):
 PSYoungGen      total 35328K, used 4500K [0x00000000e0000000, 0x00000000e3100000, 0x0000000100000000)
  eden space 30720K, 0% used [0x00000000e0000000,0x00000000e0000000,0x00000000e1e00000)
  from space 4608K, 97% used [0x00000000e1e80000,0x00000000e22e5030,0x00000000e2300000)
  to   space 9728K, 0% used [0x00000000e2780000,0x00000000e2780000,0x00000000e3100000)
 ParOldGen       total 47104K, used 8804K [0x00000000a0000000, 0x00000000a2e00000, 0x00000000e0000000)
  object space 47104K, 18% used [0x00000000a0000000,0x00000000a0899228,0x00000000a2e00000)
 Metaspace       used 28396K, capacity 28818K, committed 28928K, reserved 1075200K
  class space    used 3947K, capacity 4094K, committed 4096K, reserved 1048576K
}
Event: 130.072 GC heap before
{Heap before GC invocations=11 (full 1):
 PSYoungGen      total 35328K, used 35220K [0x00000000e0000000, 0x00000000e3100000, 0x0000000100000000)
  eden space 30720K, 100% used [0x00000000e0000000,0x00000000e1e00000,0x00000000e1e00000)
  from space 4608K, 97% used [0x00000000e1e80000,0x00000000e22e5030,0x00000000e2300000)
  to   space 9728K, 0% used [0x00000000e2780000,0x00000000e2780000,0x00000000e3100000)
 ParOldGen       total 47104K, used 8804K [0x00000000a0000000, 0x00000000a2e00000, 0x00000000e0000000)
  object space 47104K, 18% used [0x00000000a0000000,0x00000000a0899228,0x00000000a2e00000)
 Metaspace       used 31885K, capacity 32430K, committed 32768K, reserved 1077248K
  class space    used 4410K, capacity 4538K, committed 4608K, reserved 1048576K
Event: 130.079 GC heap after
Heap after GC invocations=11 (full 1):
 PSYoungGen      total 39424K, used 5204K [0x00000000e0000000, 0x00000000e3080000, 0x0000000100000000)
  eden space 30208K, 0% used [0x00000000e0000000,0x00000000e0000000,0x00000000e1d80000)
  from space 9216K, 56% used [0x00000000e2780000,0x00000000e2c95208,0x00000000e3080000)
  to   space 9728K, 0% used [0x00000000e1d80000,0x00000000e1d80000,0x00000000e2700000)
 ParOldGen       total 47104K, used 11201K [0x00000000a0000000, 0x00000000a2e00000, 0x00000000e0000000)
  object space 47104K, 23% used [0x00000000a0000000,0x00000000a0af0668,0x00000000a2e00000)
 Metaspace       used 31885K, capacity 32430K, committed 32768K, reserved 1077248K
  class space    used 4410K, capacity 4538K, committed 4608K, reserved 1048576K
}
Event: 130.565 GC heap before
{Heap before GC invocations=12 (full 1):
 PSYoungGen      total 39424K, used 35412K [0x00000000e0000000, 0x00000000e3080000, 0x0000000100000000)
  eden space 30208K, 100% used [0x00000000e0000000,0x00000000e1d80000,0x00000000e1d80000)
  from space 9216K, 56% used [0x00000000e2780000,0x00000000e2c95208,0x00000000e3080000)
  to   space 9728K, 0% used [0x00000000e1d80000,0x00000000e1d80000,0x00000000e2700000)
 ParOldGen       total 47104K, used 11201K [0x00000000a0000000, 0x00000000a2e00000, 0x00000000e0000000)
  object space 47104K, 23% used [0x00000000a0000000,0x00000000a0af0668,0x00000000a2e00000)
 Metaspace       used 32581K, capacity 33188K, committed 33664K, reserved 1079296K
  class space    used 4477K, capacity 4641K, committed 4736K, reserved 1048576K
Event: 130.571 GC heap after
Heap after GC invocations=12 (full 1):
 PSYoungGen      total 33280K, used 3310K [0x00000000e0000000, 0x00000000e3000000, 0x0000000100000000)
  eden space 29696K, 0% used [0x00000000e0000000,0x00000000e0000000,0x00000000e1d00000)
  from space 3584K, 92% used [0x00000000e1d80000,0x00000000e20bb860,0x00000000e2100000)
  to   space 9728K, 0% used [0x00000000e2680000,0x00000000e2680000,0x00000000e3000000)
 ParOldGen       total 47104K, used 11857K [0x00000000a0000000, 0x00000000a2e00000, 0x00000000e0000000)
  object space 47104K, 25% used [0x00000000a0000000,0x00000000a0b94690,0x00000000a2e00000)
 Metaspace       used 32581K, capacity 33188K, committed 33664K, reserved 1079296K
  class space    used 4477K, capacity 4641K, committed 4736K, reserved 1048576K
}
Event: 131.565 GC heap before
{Heap before GC invocations=13 (full 1):
 PSYoungGen      total 33280K, used 23419K [0x00000000e0000000, 0x00000000e3000000, 0x0000000100000000)
  eden space 29696K, 67% used [0x00000000e0000000,0x00000000e13a3548,0x00000000e1d00000)
  from space 3584K, 92% used [0x00000000e1d80000,0x00000000e20bb860,0x00000000e2100000)
  to   space 9728K, 0% used [0x00000000e2680000,0x00000000e2680000,0x00000000e3000000)
 ParOldGen       total 47104K, used 11857K [0x00000000a0000000, 0x00000000a2e00000, 0x00000000e0000000)
  object space 47104K, 25% used [0x00000000a0000000,0x00000000a0b94690,0x00000000a2e00000)
 Metaspace       used 34658K, capacity 35112K, committed 35456K, reserved 1079296K
  class space    used 4745K, capacity 4871K, committed 4992K, reserved 1048576K
Event: 131.572 GC heap after
Heap after GC invocations=13 (full 1):
 PSYoungGen      total 37376K, used 4052K [0x00000000e0000000, 0x00000000e2e80000, 0x0000000100000000)
  eden space 29184K, 0% used [0x00000000e0000000,0x00000000e0000000,0x00000000e1c80000)
  from space 8192K, 49% used [0x00000000e2680000,0x00000000e2a752a0,0x00000000e2e80000)
  to   space 9216K, 0% used [0x00000000e1c80000,0x00000000e1c80000,0x00000000e2580000)
 ParOldGen       total 47104K, used 13453K [0x00000000a0000000, 0x00000000a2e00000, 0x00000000e0000000)
  object space 47104K, 28% used [0x00000000a0000000,0x00000000a0d236c0,0x00000000a2e00000)
 Metaspace       used 34658K, capacity 35112K, committed 35456K, reserved 1079296K
  class space    used 4745K, capacity 4871K, committed 4992K, reserved 1048576K
}
Event: 131.572 GC heap before
{Heap before GC invocations=14 (full 2):
 PSYoungGen      total 37376K, used 4052K [0x00000000e0000000, 0x00000000e2e80000, 0x0000000100000000)
  eden space 29184K, 0% used [0x00000000e0000000,0x00000000e0000000,0x00000000e1c80000)
  from space 8192K, 49% used [0x00000000e2680000,0x00000000e2a752a0,0x00000000e2e80000)
  to   space 9216K, 0% used [0x00000000e1c80000,0x00000000e1c80000,0x00000000e2580000)
 ParOldGen       total 47104K, used 13453K [0x00000000a0000000, 0x00000000a2e00000, 0x00000000e0000000)
  object space 47104K, 28% used [0x00000000a0000000,0x00000000a0d236c0,0x00000000a2e00000)
 Metaspace       used 34658K, capacity 35112K, committed 35456K, reserved 1079296K
  class space    used 4745K, capacity 4871K, committed 4992K, reserved 1048576K
Event: 131.751 GC heap after
Heap after GC invocations=14 (full 2):
 PSYoungGen      total 37376K, used 0K [0x00000000e0000000, 0x00000000e2e80000, 0x0000000100000000)
  eden space 29184K, 0% used [0x00000000e0000000,0x00000000e0000000,0x00000000e1c80000)
  from space 8192K, 0% used [0x00000000e2680000,0x00000000e2680000,0x00000000e2e80000)
  to   space 9216K, 0% used [0x00000000e1c80000,0x00000000e1c80000,0x00000000e2580000)
 ParOldGen       total 47104K, used 15347K [0x00000000a0000000, 0x00000000a2e00000, 0x00000000e0000000)
  object space 47104K, 32% used [0x00000000a0000000,0x00000000a0efcda8,0x00000000a2e00000)
 Metaspace       used 34658K, capacity 35112K, committed 35456K, reserved 1079296K
  class space    used 4745K, capacity 4871K, committed 4992K, reserved 1048576K
}

