# JRE version: Java(TM) SE Runtime Environment (8.0_25-b18) (build 1.8.0_25-b18)
# Java VM: Java HotSpot(TM) 64-Bit Server VM (25.25-b02 mixed mode windows-amd64 compressed oops)
Heap:
 PSYoungGen      total 54784K, used 6915K [0x00000000e0000000, 0x00000000e4200000, 0x0000000100000000)
  eden space 44544K, 15% used [0x00000000e0000000,0x00000000e06c0f78,0x00000000e2b80000)
  from space 10240K, 0% used [0x00000000e3580000,0x00000000e3580000,0x00000000e3f80000)
  to   space 10240K, 0% used [0x00000000e2b80000,0x00000000e2b80000,0x00000000e3580000)
 ParOldGen       total 121856K, used 14280K [0x00000000a0000000, 0x00000000a7700000, 0x00000000e0000000)
  object space 121856K, 11% used [0x00000000a0000000,0x00000000a0df2000,0x00000000a7700000)
 Metaspace       used 35357K, capacity 35886K, committed 35968K, reserved 1081344K
  class space    used 4834K, capacity 4951K, committed 4992K, reserved 1048576K
GC Heap History (10 events):
Event: 14.659 GC heap before
{Heap before GC invocations=8 (full 1):
 PSYoungGen      total 47104K, used 43088K [0x00000000e0000000, 0x00000000e3800000, 0x0000000100000000)
  eden space 37888K, 100% used [0x00000000e0000000,0x00000000e2500000,0x00000000e2500000)
  from space 9216K, 56% used [0x00000000e2f00000,0x00000000e34142a0,0x00000000e3800000)
  to   space 9728K, 0% used [0x00000000e2500000,0x00000000e2500000,0x00000000e2e80000)
 ParOldGen       total 73728K, used 8337K [0x00000000a0000000, 0x00000000a4800000, 0x00000000e0000000)
  object space 73728K, 11% used [0x00000000a0000000,0x00000000a0824540,0x00000000a4800000)
 Metaspace       used 28631K, capacity 29032K, committed 29184K, reserved 1075200K
  class space    used 3989K, capacity 4075K, committed 4096K, reserved 1048576K
Event: 14.673 GC heap after
Heap after GC invocations=8 (full 1):
 PSYoungGen      total 47616K, used 5526K [0x00000000e0000000, 0x00000000e3c00000, 0x0000000100000000)
  eden space 37888K, 0% used [0x00000000e0000000,0x00000000e0000000,0x00000000e2500000)
  from space 9728K, 56% used [0x00000000e2500000,0x00000000e2a65a40,0x00000000e2e80000)
  to   space 9216K, 0% used [0x00000000e3300000,0x00000000e3300000,0x00000000e3c00000)
 ParOldGen       total 73728K, used 8345K [0x00000000a0000000, 0x00000000a4800000, 0x00000000e0000000)
  object space 73728K, 11% used [0x00000000a0000000,0x00000000a0826540,0x00000000a4800000)
 Metaspace       used 28631K, capacity 29032K, committed 29184K, reserved 1075200K
  class space    used 3989K, capacity 4075K, committed 4096K, reserved 1048576K
}
Event: 31.673 GC heap before
{Heap before GC invocations=9 (full 1):
 PSYoungGen      total 47616K, used 43414K [0x00000000e0000000, 0x00000000e3c00000, 0x0000000100000000)
  eden space 37888K, 100% used [0x00000000e0000000,0x00000000e2500000,0x00000000e2500000)
  from space 9728K, 56% used [0x00000000e2500000,0x00000000e2a65a40,0x00000000e2e80000)
  to   space 9216K, 0% used [0x00000000e3300000,0x00000000e3300000,0x00000000e3c00000)
 ParOldGen       total 73728K, used 8345K [0x00000000a0000000, 0x00000000a4800000, 0x00000000e0000000)
  object space 73728K, 11% used [0x00000000a0000000,0x00000000a0826540,0x00000000a4800000)
 Metaspace       used 29421K, capacity 29854K, committed 30080K, reserved 1075200K
  class space    used 4091K, capacity 4177K, committed 4224K, reserved 1048576K
Event: 31.685 GC heap after
Heap after GC invocations=9 (full 1):
 PSYoungGen      total 49152K, used 5804K [0x00000000e0000000, 0x00000000e3a00000, 0x0000000100000000)
  eden space 41984K, 0% used [0x00000000e0000000,0x00000000e0000000,0x00000000e2900000)
  from space 7168K, 80% used [0x00000000e3300000,0x00000000e38ab2d8,0x00000000e3a00000)
  to   space 8704K, 0% used [0x00000000e2900000,0x00000000e2900000,0x00000000e3180000)
 ParOldGen       total 73728K, used 8417K [0x00000000a0000000, 0x00000000a4800000, 0x00000000e0000000)
  object space 73728K, 11% used [0x00000000a0000000,0x00000000a0838550,0x00000000a4800000)
 Metaspace       used 29421K, capacity 29854K, committed 30080K, reserved 1075200K
  class space    used 4091K, capacity 4177K, committed 4224K, reserved 1048576K
}
Event: 34.779 GC heap before
{Heap before GC invocations=10 (full 1):
 PSYoungGen      total 49152K, used 47788K [0x00000000e0000000, 0x00000000e3a00000, 0x0000000100000000)
  eden space 41984K, 100% used [0x00000000e0000000,0x00000000e2900000,0x00000000e2900000)
  from space 7168K, 80% used [0x00000000e3300000,0x00000000e38ab2d8,0x00000000e3a00000)
  to   space 8704K, 0% used [0x00000000e2900000,0x00000000e2900000,0x00000000e3180000)
 ParOldGen       total 73728K, used 8417K [0x00000000a0000000, 0x00000000a4800000, 0x00000000e0000000)
  object space 73728K, 11% used [0x00000000a0000000,0x00000000a0838550,0x00000000a4800000)
 Metaspace       used 34070K, capacity 34538K, committed 34816K, reserved 1079296K
  class space    used 4663K, capacity 4785K, committed 4864K, reserved 1048576K
Event: 34.790 GC heap after
Heap after GC invocations=10 (full 1):
 PSYoungGen      total 50688K, used 8686K [0x00000000e0000000, 0x00000000e3f80000, 0x0000000100000000)
  eden space 41984K, 0% used [0x00000000e0000000,0x00000000e0000000,0x00000000e2900000)
  from space 8704K, 99% used [0x00000000e2900000,0x00000000e317bb70,0x00000000e3180000)
  to   space 10240K, 0% used [0x00000000e3580000,0x00000000e3580000,0x00000000e3f80000)
 ParOldGen       total 73728K, used 9807K [0x00000000a0000000, 0x00000000a4800000, 0x00000000e0000000)
  object space 73728K, 13% used [0x00000000a0000000,0x00000000a0993fb8,0x00000000a4800000)
 Metaspace       used 34070K, capacity 34538K, committed 34816K, reserved 1079296K
  class space    used 4663K, capacity 4785K, committed 4864K, reserved 1048576K
}
Event: 35.339 GC heap before
{Heap before GC invocations=11 (full 1):
 PSYoungGen      total 50688K, used 32900K [0x00000000e0000000, 0x00000000e3f80000, 0x0000000100000000)
  eden space 41984K, 57% used [0x00000000e0000000,0x00000000e17a54a0,0x00000000e2900000)
  from space 8704K, 99% used [0x00000000e2900000,0x00000000e317bb70,0x00000000e3180000)
  to   space 10240K, 0% used [0x00000000e3580000,0x00000000e3580000,0x00000000e3f80000)
 ParOldGen       total 73728K, used 9807K [0x00000000a0000000, 0x00000000a4800000, 0x00000000e0000000)
  object space 73728K, 13% used [0x00000000a0000000,0x00000000a0993fb8,0x00000000a4800000)
 Metaspace       used 34762K, capacity 35292K, committed 35456K, reserved 1079296K
  class space    used 4759K, capacity 4884K, committed 4992K, reserved 1048576K
Event: 35.351 GC heap after
Heap after GC invocations=11 (full 1):
 PSYoungGen      total 54784K, used 8001K [0x00000000e0000000, 0x00000000e4200000, 0x0000000100000000)
  eden space 44544K, 0% used [0x00000000e0000000,0x00000000e0000000,0x00000000e2b80000)
  from space 10240K, 78% used [0x00000000e3580000,0x00000000e3d50758,0x00000000e3f80000)
  to   space 10240K, 0% used [0x00000000e2b80000,0x00000000e2b80000,0x00000000e3580000)
 ParOldGen       total 73728K, used 9815K [0x00000000a0000000, 0x00000000a4800000, 0x00000000e0000000)
  object space 73728K, 13% used [0x00000000a0000000,0x00000000a0995fb8,0x00000000a4800000)
 Metaspace       used 34762K, capacity 35292K, committed 35456K, reserved 1079296K
  class space    used 4759K, capacity 4884K, committed 4992K, reserved 1048576K
}
Event: 35.351 GC heap before
{Heap before GC invocations=12 (full 2):
 PSYoungGen      total 54784K, used 8001K [0x00000000e0000000, 0x00000000e4200000, 0x0000000100000000)
  eden space 44544K, 0% used [0x00000000e0000000,0x00000000e0000000,0x00000000e2b80000)
  from space 10240K, 78% used [0x00000000e3580000,0x00000000e3d50758,0x00000000e3f80000)
  to   space 10240K, 0% used [0x00000000e2b80000,0x00000000e2b80000,0x00000000e3580000)
 ParOldGen       total 73728K, used 9815K [0x00000000a0000000, 0x00000000a4800000, 0x00000000e0000000)
  object space 73728K, 13% used [0x00000000a0000000,0x00000000a0995fb8,0x00000000a4800000)
 Metaspace       used 34762K, capacity 35292K, committed 35456K, reserved 1079296K
  class space    used 4759K, capacity 4884K, committed 4992K, reserved 1048576K
Event: 35.453 GC heap after
Heap after GC invocations=12 (full 2):
 PSYoungGen      total 54784K, used 0K [0x00000000e0000000, 0x00000000e4200000, 0x0000000100000000)
  eden space 44544K, 0% used [0x00000000e0000000,0x00000000e0000000,0x00000000e2b80000)
  from space 10240K, 0% used [0x00000000e3580000,0x00000000e3580000,0x00000000e3f80000)
  to   space 10240K, 0% used [0x00000000e2b80000,0x00000000e2b80000,0x00000000e3580000)
 ParOldGen       total 121856K, used 14280K [0x00000000a0000000, 0x00000000a7700000, 0x00000000e0000000)
  object space 121856K, 11% used [0x00000000a0000000,0x00000000a0df2000,0x00000000a7700000)
 Metaspace       used 34762K, capacity 35292K, committed 35456K, reserved 1079296K
  class space    used 4759K, capacity 4884K, committed 4992K, reserved 1048576K
}

